mode: set
github.com/amartin3659/HttpServerPractice/cmd/web/main.go:18.13,20.17 2 0
github.com/amartin3659/HttpServerPractice/cmd/web/main.go:20.17,22.4 1 0
github.com/amartin3659/HttpServerPractice/cmd/web/main.go:24.3,30.17 3 0
github.com/amartin3659/HttpServerPractice/cmd/web/main.go:30.17,32.4 1 0
github.com/amartin3659/HttpServerPractice/cmd/web/main.go:35.18,52.2 12 1
github.com/amartin3659/HttpServerPractice/cmd/web/middleware.go:3.18,5.2 1 1
github.com/amartin3659/HttpServerPractice/cmd/web/routes.go:9.28,12.98 2 1
github.com/amartin3659/HttpServerPractice/cmd/web/routes.go:12.98,13.19 1 0
github.com/amartin3659/HttpServerPractice/cmd/web/routes.go:14.23,15.32 1 0
github.com/amartin3659/HttpServerPractice/cmd/web/routes.go:16.24,17.33 1 0
github.com/amartin3659/HttpServerPractice/cmd/web/routes.go:20.2,21.99 2 1
github.com/amartin3659/HttpServerPractice/cmd/web/routes.go:21.99,22.19 1 0
github.com/amartin3659/HttpServerPractice/cmd/web/routes.go:23.23,24.33 1 0
github.com/amartin3659/HttpServerPractice/cmd/web/routes.go:25.24,26.34 1 0
github.com/amartin3659/HttpServerPractice/cmd/web/routes.go:29.2,31.97 3 1
github.com/amartin3659/HttpServerPractice/cmd/web/routes.go:31.97,32.19 1 0
github.com/amartin3659/HttpServerPractice/cmd/web/routes.go:33.23,34.34 1 0
github.com/amartin3659/HttpServerPractice/cmd/web/routes.go:35.24,36.35 1 0
github.com/amartin3659/HttpServerPractice/cmd/web/routes.go:39.2,40.116 2 1
github.com/amartin3659/HttpServerPractice/cmd/web/routes.go:40.116,41.20 1 0
github.com/amartin3659/HttpServerPractice/cmd/web/routes.go:42.24,43.38 1 0
github.com/amartin3659/HttpServerPractice/cmd/web/routes.go:44.25,45.39 1 0
github.com/amartin3659/HttpServerPractice/cmd/web/routes.go:49.2,49.16 1 1
github.com/amartin3659/HttpServerPractice/internal/handlers/handlers.go:30.64,35.2 1 1
github.com/amartin3659/HttpServerPractice/internal/handlers/handlers.go:37.36,39.2 1 1
github.com/amartin3659/HttpServerPractice/internal/handlers/handlers.go:42.55,44.16 2 1
github.com/amartin3659/HttpServerPractice/internal/handlers/handlers.go:44.16,46.3 1 0
github.com/amartin3659/HttpServerPractice/internal/handlers/handlers.go:47.2,48.17 2 1
github.com/amartin3659/HttpServerPractice/internal/handlers/handlers.go:51.67,53.16 2 1
github.com/amartin3659/HttpServerPractice/internal/handlers/handlers.go:53.16,57.3 3 0
github.com/amartin3659/HttpServerPractice/internal/handlers/handlers.go:58.2,59.29 2 1
github.com/amartin3659/HttpServerPractice/internal/handlers/handlers.go:59.29,67.3 2 1
github.com/amartin3659/HttpServerPractice/internal/handlers/handlers.go:68.2,69.8 2 1
github.com/amartin3659/HttpServerPractice/internal/handlers/handlers.go:72.71,74.16 2 0
github.com/amartin3659/HttpServerPractice/internal/handlers/handlers.go:74.16,76.3 1 0
github.com/amartin3659/HttpServerPractice/internal/handlers/handlers.go:77.2,77.27 1 0
github.com/amartin3659/HttpServerPractice/internal/handlers/handlers.go:77.27,79.17 2 0
github.com/amartin3659/HttpServerPractice/internal/handlers/handlers.go:79.17,81.4 1 0
github.com/amartin3659/HttpServerPractice/internal/handlers/handlers.go:82.5,82.37 1 0
github.com/amartin3659/HttpServerPractice/internal/handlers/handlers.go:84.2,86.16 3 0
github.com/amartin3659/HttpServerPractice/internal/handlers/handlers.go:86.16,88.3 1 0
github.com/amartin3659/HttpServerPractice/internal/handlers/handlers.go:90.2,91.16 2 0
github.com/amartin3659/HttpServerPractice/internal/handlers/handlers.go:91.16,95.3 3 0
github.com/amartin3659/HttpServerPractice/internal/handlers/handlers.go:98.72,100.16 2 0
github.com/amartin3659/HttpServerPractice/internal/handlers/handlers.go:100.16,104.3 3 0
github.com/amartin3659/HttpServerPractice/internal/handlers/handlers.go:105.2,107.35 3 0
github.com/amartin3659/HttpServerPractice/internal/handlers/handlers.go:107.35,111.3 3 0
github.com/amartin3659/HttpServerPractice/internal/handlers/handlers.go:113.2,114.16 2 0
github.com/amartin3659/HttpServerPractice/internal/handlers/handlers.go:114.16,118.3 3 0
github.com/amartin3659/HttpServerPractice/internal/handlers/handlers.go:119.2,122.48 3 0
github.com/amartin3659/HttpServerPractice/internal/handlers/handlers.go:122.48,126.3 3 0
github.com/amartin3659/HttpServerPractice/internal/handlers/handlers.go:128.2,129.16 2 0
github.com/amartin3659/HttpServerPractice/internal/handlers/handlers.go:129.16,132.3 2 0
github.com/amartin3659/HttpServerPractice/internal/handlers/handlers.go:133.2,147.8 7 0
github.com/amartin3659/HttpServerPractice/internal/handlers/handlers.go:150.72,152.2 1 0
github.com/amartin3659/HttpServerPractice/internal/handlers/handlers.go:154.72,169.16 3 0
github.com/amartin3659/HttpServerPractice/internal/handlers/handlers.go:169.16,171.3 1 0
github.com/amartin3659/HttpServerPractice/internal/handlers/handlers.go:173.2,174.16 2 0
github.com/amartin3659/HttpServerPractice/internal/handlers/handlers.go:174.16,178.3 3 0
github.com/amartin3659/HttpServerPractice/internal/handlers/handlers.go:181.73,183.16 2 0
github.com/amartin3659/HttpServerPractice/internal/handlers/handlers.go:183.16,186.3 2 0
github.com/amartin3659/HttpServerPractice/internal/handlers/handlers.go:187.3,196.57 5 0
github.com/amartin3659/HttpServerPractice/internal/handlers/handlers.go:199.70,203.16 4 0
github.com/amartin3659/HttpServerPractice/internal/handlers/handlers.go:203.16,205.3 1 0
github.com/amartin3659/HttpServerPractice/internal/handlers/handlers.go:206.2,215.29 6 0
github.com/amartin3659/HttpServerPractice/internal/handlers/handlers.go:215.29,222.3 1 0
github.com/amartin3659/HttpServerPractice/internal/handlers/handlers.go:223.2,224.8 2 0
github.com/amartin3659/HttpServerPractice/internal/handlers/handlers.go:227.70,231.16 4 0
github.com/amartin3659/HttpServerPractice/internal/handlers/handlers.go:231.16,234.3 2 0
github.com/amartin3659/HttpServerPractice/internal/handlers/handlers.go:235.2,241.25 2 0
github.com/amartin3659/HttpServerPractice/internal/handlers/handlers.go:244.73,247.17 2 0
github.com/amartin3659/HttpServerPractice/internal/handlers/handlers.go:247.17,252.4 3 0
github.com/amartin3659/HttpServerPractice/internal/handlers/handlers.go:253.3,254.25 2 0
github.com/amartin3659/HttpServerPractice/internal/handlers/handlers.go:254.25,258.4 3 0
github.com/amartin3659/HttpServerPractice/internal/handlers/handlers.go:259.2,285.16 3 0
github.com/amartin3659/HttpServerPractice/internal/handlers/handlers.go:285.16,287.3 1 0
github.com/amartin3659/HttpServerPractice/internal/handlers/handlers.go:289.2,290.16 2 0
github.com/amartin3659/HttpServerPractice/internal/handlers/handlers.go:290.16,294.3 3 0
github.com/amartin3659/HttpServerPractice/internal/handlers/handlers.go:297.74,301.17 2 0
github.com/amartin3659/HttpServerPractice/internal/handlers/handlers.go:301.17,306.4 3 0
github.com/amartin3659/HttpServerPractice/internal/handlers/handlers.go:307.3,308.25 2 0
github.com/amartin3659/HttpServerPractice/internal/handlers/handlers.go:308.25,312.4 3 0
github.com/amartin3659/HttpServerPractice/internal/handlers/handlers.go:313.2,314.16 2 0
github.com/amartin3659/HttpServerPractice/internal/handlers/handlers.go:314.16,318.3 3 0
github.com/amartin3659/HttpServerPractice/internal/handlers/handlers.go:319.3,331.9 6 0
github.com/amartin3659/HttpServerPractice/internal/handlers/handlers.go:334.76,342.16 5 0
github.com/amartin3659/HttpServerPractice/internal/handlers/handlers.go:342.16,344.3 1 0
github.com/amartin3659/HttpServerPractice/internal/handlers/handlers.go:345.3,347.17 3 0
github.com/amartin3659/HttpServerPractice/internal/handlers/handlers.go:347.17,352.4 3 0
github.com/amartin3659/HttpServerPractice/internal/handlers/handlers.go:353.3,354.26 2 0
github.com/amartin3659/HttpServerPractice/internal/handlers/handlers.go:354.26,358.4 3 0
github.com/amartin3659/HttpServerPractice/internal/handlers/handlers.go:359.3,359.24 1 0
github.com/amartin3659/HttpServerPractice/internal/handlers/handlers.go:359.24,363.4 3 0
github.com/amartin3659/HttpServerPractice/internal/handlers/handlers.go:364.2,366.16 3 0
github.com/amartin3659/HttpServerPractice/internal/handlers/handlers.go:366.16,368.3 1 0
github.com/amartin3659/HttpServerPractice/internal/handlers/handlers.go:370.2,371.16 2 0
github.com/amartin3659/HttpServerPractice/internal/handlers/handlers.go:371.16,375.3 3 0
github.com/amartin3659/HttpServerPractice/internal/handlers/handlers.go:378.77,385.16 5 0
github.com/amartin3659/HttpServerPractice/internal/handlers/handlers.go:385.16,389.3 3 0
github.com/amartin3659/HttpServerPractice/internal/handlers/handlers.go:390.3,392.17 3 0
github.com/amartin3659/HttpServerPractice/internal/handlers/handlers.go:392.17,397.4 3 0
github.com/amartin3659/HttpServerPractice/internal/handlers/handlers.go:398.3,399.26 2 0
github.com/amartin3659/HttpServerPractice/internal/handlers/handlers.go:399.26,403.4 3 0
github.com/amartin3659/HttpServerPractice/internal/handlers/handlers.go:404.3,404.24 1 0
github.com/amartin3659/HttpServerPractice/internal/handlers/handlers.go:404.24,408.4 3 0
github.com/amartin3659/HttpServerPractice/internal/handlers/handlers.go:409.3,410.17 2 0
github.com/amartin3659/HttpServerPractice/internal/handlers/handlers.go:410.17,414.4 3 0
github.com/amartin3659/HttpServerPractice/internal/handlers/handlers.go:415.3,426.17 5 0
github.com/amartin3659/HttpServerPractice/internal/handlers/handlers.go:426.17,430.4 3 0
github.com/amartin3659/HttpServerPractice/internal/handlers/handlers.go:431.3,432.9 2 0
github.com/amartin3659/HttpServerPractice/internal/session/session.go:17.22,19.2 1 0
github.com/amartin3659/HttpServerPractice/internal/session/session.go:21.64,22.30 1 0
github.com/amartin3659/HttpServerPractice/internal/session/session.go:22.30,23.39 1 0
github.com/amartin3659/HttpServerPractice/internal/session/session.go:23.39,25.6 1 0
github.com/amartin3659/HttpServerPractice/internal/session/session.go:28.3,28.49 1 0
github.com/amartin3659/HttpServerPractice/internal/session/session.go:31.44,33.30 1 0
github.com/amartin3659/HttpServerPractice/internal/session/session.go:33.30,34.44 1 0
github.com/amartin3659/HttpServerPractice/internal/session/session.go:34.44,36.6 1 0
github.com/amartin3659/HttpServerPractice/internal/session/session.go:39.3,39.30 1 0
github.com/amartin3659/HttpServerPractice/internal/session/session.go:42.48,43.30 1 0
github.com/amartin3659/HttpServerPractice/internal/session/session.go:43.30,44.39 1 0
github.com/amartin3659/HttpServerPractice/internal/session/session.go:44.39,46.6 1 0
