mode: set
github.com/amartin3659/HttpServerPractice/cmd/web/main.go:18.13,20.17 2 0
github.com/amartin3659/HttpServerPractice/cmd/web/main.go:20.17,22.4 1 0
github.com/amartin3659/HttpServerPractice/cmd/web/main.go:24.3,30.17 3 0
github.com/amartin3659/HttpServerPractice/cmd/web/main.go:30.17,32.4 1 0
github.com/amartin3659/HttpServerPractice/cmd/web/main.go:35.18,52.2 12 1
github.com/amartin3659/HttpServerPractice/cmd/web/middleware.go:3.18,5.2 1 1
github.com/amartin3659/HttpServerPractice/cmd/web/routes.go:9.28,11.92 1 1
github.com/amartin3659/HttpServerPractice/cmd/web/routes.go:11.92,12.21 1 0
github.com/amartin3659/HttpServerPractice/cmd/web/routes.go:13.25,14.31 1 0
github.com/amartin3659/HttpServerPractice/cmd/web/routes.go:15.13,17.13 2 0
github.com/amartin3659/HttpServerPractice/cmd/web/routes.go:20.2,20.98 1 1
github.com/amartin3659/HttpServerPractice/cmd/web/routes.go:20.98,21.19 1 0
github.com/amartin3659/HttpServerPractice/cmd/web/routes.go:22.23,23.32 1 0
github.com/amartin3659/HttpServerPractice/cmd/web/routes.go:24.24,25.33 1 0
github.com/amartin3659/HttpServerPractice/cmd/web/routes.go:28.2,29.99 2 1
github.com/amartin3659/HttpServerPractice/cmd/web/routes.go:29.99,30.19 1 0
github.com/amartin3659/HttpServerPractice/cmd/web/routes.go:31.23,32.33 1 0
github.com/amartin3659/HttpServerPractice/cmd/web/routes.go:33.24,34.34 1 0
github.com/amartin3659/HttpServerPractice/cmd/web/routes.go:37.2,39.97 3 1
github.com/amartin3659/HttpServerPractice/cmd/web/routes.go:39.97,40.19 1 0
github.com/amartin3659/HttpServerPractice/cmd/web/routes.go:41.23,42.34 1 0
github.com/amartin3659/HttpServerPractice/cmd/web/routes.go:43.24,44.35 1 0
github.com/amartin3659/HttpServerPractice/cmd/web/routes.go:47.2,48.116 2 1
github.com/amartin3659/HttpServerPractice/cmd/web/routes.go:48.116,49.20 1 0
github.com/amartin3659/HttpServerPractice/cmd/web/routes.go:50.24,51.38 1 0
github.com/amartin3659/HttpServerPractice/cmd/web/routes.go:52.25,53.39 1 0
github.com/amartin3659/HttpServerPractice/cmd/web/routes.go:57.2,57.16 1 1
github.com/amartin3659/HttpServerPractice/internal/session/session.go:17.22,19.2 1 0
github.com/amartin3659/HttpServerPractice/internal/session/session.go:21.64,22.30 1 0
github.com/amartin3659/HttpServerPractice/internal/session/session.go:22.30,23.39 1 0
github.com/amartin3659/HttpServerPractice/internal/session/session.go:23.39,25.6 1 0
github.com/amartin3659/HttpServerPractice/internal/session/session.go:28.3,28.49 1 0
github.com/amartin3659/HttpServerPractice/internal/session/session.go:31.44,33.30 1 0
github.com/amartin3659/HttpServerPractice/internal/session/session.go:33.30,34.44 1 0
github.com/amartin3659/HttpServerPractice/internal/session/session.go:34.44,36.6 1 0
github.com/amartin3659/HttpServerPractice/internal/session/session.go:39.3,39.30 1 0
github.com/amartin3659/HttpServerPractice/internal/session/session.go:42.48,43.30 1 0
github.com/amartin3659/HttpServerPractice/internal/session/session.go:43.30,44.39 1 0
github.com/amartin3659/HttpServerPractice/internal/session/session.go:44.39,46.6 1 0
github.com/amartin3659/HttpServerPractice/internal/handlers/handlers.go:30.64,35.2 1 1
github.com/amartin3659/HttpServerPractice/internal/handlers/handlers.go:37.68,42.2 1 1
github.com/amartin3659/HttpServerPractice/internal/handlers/handlers.go:44.36,46.2 1 1
github.com/amartin3659/HttpServerPractice/internal/handlers/handlers.go:49.55,51.16 2 1
github.com/amartin3659/HttpServerPractice/internal/handlers/handlers.go:51.16,54.3 2 0
github.com/amartin3659/HttpServerPractice/internal/handlers/handlers.go:55.2,56.17 2 1
github.com/amartin3659/HttpServerPractice/internal/handlers/handlers.go:59.67,61.16 2 1
github.com/amartin3659/HttpServerPractice/internal/handlers/handlers.go:61.16,64.3 2 1
github.com/amartin3659/HttpServerPractice/internal/handlers/handlers.go:65.2,66.29 2 1
github.com/amartin3659/HttpServerPractice/internal/handlers/handlers.go:66.29,74.3 2 1
github.com/amartin3659/HttpServerPractice/internal/handlers/handlers.go:75.2,76.8 2 1
github.com/amartin3659/HttpServerPractice/internal/handlers/handlers.go:79.71,81.16 2 1
github.com/amartin3659/HttpServerPractice/internal/handlers/handlers.go:81.16,83.3 1 1
github.com/amartin3659/HttpServerPractice/internal/handlers/handlers.go:84.2,84.27 1 1
github.com/amartin3659/HttpServerPractice/internal/handlers/handlers.go:84.27,86.17 2 1
github.com/amartin3659/HttpServerPractice/internal/handlers/handlers.go:86.17,88.4 1 1
github.com/amartin3659/HttpServerPractice/internal/handlers/handlers.go:89.5,89.37 1 1
github.com/amartin3659/HttpServerPractice/internal/handlers/handlers.go:91.2,93.16 3 1
github.com/amartin3659/HttpServerPractice/internal/handlers/handlers.go:93.16,95.3 1 0
github.com/amartin3659/HttpServerPractice/internal/handlers/handlers.go:97.2,98.16 2 1
github.com/amartin3659/HttpServerPractice/internal/handlers/handlers.go:98.16,102.3 3 0
github.com/amartin3659/HttpServerPractice/internal/handlers/handlers.go:105.72,107.16 2 1
github.com/amartin3659/HttpServerPractice/internal/handlers/handlers.go:107.16,111.3 3 1
github.com/amartin3659/HttpServerPractice/internal/handlers/handlers.go:112.2,114.35 3 1
github.com/amartin3659/HttpServerPractice/internal/handlers/handlers.go:114.35,118.3 3 1
github.com/amartin3659/HttpServerPractice/internal/handlers/handlers.go:120.2,121.16 2 1
github.com/amartin3659/HttpServerPractice/internal/handlers/handlers.go:121.16,125.3 3 1
github.com/amartin3659/HttpServerPractice/internal/handlers/handlers.go:126.2,129.48 3 1
github.com/amartin3659/HttpServerPractice/internal/handlers/handlers.go:129.48,133.3 3 1
github.com/amartin3659/HttpServerPractice/internal/handlers/handlers.go:135.2,136.16 2 1
github.com/amartin3659/HttpServerPractice/internal/handlers/handlers.go:136.16,139.3 2 0
github.com/amartin3659/HttpServerPractice/internal/handlers/handlers.go:140.2,154.8 7 1
github.com/amartin3659/HttpServerPractice/internal/handlers/handlers.go:157.72,159.2 1 1
github.com/amartin3659/HttpServerPractice/internal/handlers/handlers.go:161.72,164.16 3 1
github.com/amartin3659/HttpServerPractice/internal/handlers/handlers.go:164.16,166.3 1 0
github.com/amartin3659/HttpServerPractice/internal/handlers/handlers.go:168.2,169.16 2 1
github.com/amartin3659/HttpServerPractice/internal/handlers/handlers.go:169.16,173.3 3 0
github.com/amartin3659/HttpServerPractice/internal/handlers/handlers.go:176.73,178.16 2 1
github.com/amartin3659/HttpServerPractice/internal/handlers/handlers.go:178.16,182.3 3 1
github.com/amartin3659/HttpServerPractice/internal/handlers/handlers.go:183.3,192.57 5 1
github.com/amartin3659/HttpServerPractice/internal/handlers/handlers.go:195.70,199.16 4 1
github.com/amartin3659/HttpServerPractice/internal/handlers/handlers.go:199.16,203.3 3 1
github.com/amartin3659/HttpServerPractice/internal/handlers/handlers.go:204.2,213.29 6 1
github.com/amartin3659/HttpServerPractice/internal/handlers/handlers.go:213.29,220.3 1 1
github.com/amartin3659/HttpServerPractice/internal/handlers/handlers.go:221.2,222.8 2 1
github.com/amartin3659/HttpServerPractice/internal/handlers/handlers.go:225.70,229.16 4 1
github.com/amartin3659/HttpServerPractice/internal/handlers/handlers.go:229.16,232.3 2 1
github.com/amartin3659/HttpServerPractice/internal/handlers/handlers.go:233.2,240.9 3 1
github.com/amartin3659/HttpServerPractice/internal/handlers/handlers.go:243.73,246.17 2 1
github.com/amartin3659/HttpServerPractice/internal/handlers/handlers.go:246.17,251.4 3 1
github.com/amartin3659/HttpServerPractice/internal/handlers/handlers.go:252.3,253.25 2 1
github.com/amartin3659/HttpServerPractice/internal/handlers/handlers.go:253.25,257.4 3 1
github.com/amartin3659/HttpServerPractice/internal/handlers/handlers.go:258.2,284.16 3 1
github.com/amartin3659/HttpServerPractice/internal/handlers/handlers.go:284.16,286.3 1 0
github.com/amartin3659/HttpServerPractice/internal/handlers/handlers.go:288.2,289.16 2 1
github.com/amartin3659/HttpServerPractice/internal/handlers/handlers.go:289.16,293.3 3 0
github.com/amartin3659/HttpServerPractice/internal/handlers/handlers.go:296.74,300.17 2 1
github.com/amartin3659/HttpServerPractice/internal/handlers/handlers.go:300.17,305.4 3 1
github.com/amartin3659/HttpServerPractice/internal/handlers/handlers.go:306.3,307.25 2 1
github.com/amartin3659/HttpServerPractice/internal/handlers/handlers.go:307.25,311.4 3 1
github.com/amartin3659/HttpServerPractice/internal/handlers/handlers.go:312.2,313.16 2 1
github.com/amartin3659/HttpServerPractice/internal/handlers/handlers.go:313.16,317.3 3 1
github.com/amartin3659/HttpServerPractice/internal/handlers/handlers.go:318.3,330.9 6 1
github.com/amartin3659/HttpServerPractice/internal/handlers/handlers.go:333.76,339.16 3 1
github.com/amartin3659/HttpServerPractice/internal/handlers/handlers.go:339.16,343.3 3 1
github.com/amartin3659/HttpServerPractice/internal/handlers/handlers.go:344.3,346.17 3 1
github.com/amartin3659/HttpServerPractice/internal/handlers/handlers.go:346.17,351.4 3 1
github.com/amartin3659/HttpServerPractice/internal/handlers/handlers.go:352.3,353.26 2 1
github.com/amartin3659/HttpServerPractice/internal/handlers/handlers.go:353.26,357.4 3 1
github.com/amartin3659/HttpServerPractice/internal/handlers/handlers.go:358.3,358.24 1 1
github.com/amartin3659/HttpServerPractice/internal/handlers/handlers.go:358.24,362.4 3 1
github.com/amartin3659/HttpServerPractice/internal/handlers/handlers.go:363.2,365.16 3 1
github.com/amartin3659/HttpServerPractice/internal/handlers/handlers.go:365.16,367.3 1 0
github.com/amartin3659/HttpServerPractice/internal/handlers/handlers.go:369.2,370.16 2 1
github.com/amartin3659/HttpServerPractice/internal/handlers/handlers.go:370.16,374.3 3 0
github.com/amartin3659/HttpServerPractice/internal/handlers/handlers.go:377.77,383.16 4 1
github.com/amartin3659/HttpServerPractice/internal/handlers/handlers.go:383.16,387.3 3 1
github.com/amartin3659/HttpServerPractice/internal/handlers/handlers.go:388.3,390.17 3 1
github.com/amartin3659/HttpServerPractice/internal/handlers/handlers.go:390.17,395.4 3 1
github.com/amartin3659/HttpServerPractice/internal/handlers/handlers.go:396.3,397.26 2 1
github.com/amartin3659/HttpServerPractice/internal/handlers/handlers.go:397.26,401.4 3 1
github.com/amartin3659/HttpServerPractice/internal/handlers/handlers.go:402.3,402.24 1 1
github.com/amartin3659/HttpServerPractice/internal/handlers/handlers.go:402.24,406.4 3 1
github.com/amartin3659/HttpServerPractice/internal/handlers/handlers.go:407.3,408.17 2 1
github.com/amartin3659/HttpServerPractice/internal/handlers/handlers.go:408.17,412.4 3 1
github.com/amartin3659/HttpServerPractice/internal/handlers/handlers.go:413.3,424.17 5 1
github.com/amartin3659/HttpServerPractice/internal/handlers/handlers.go:424.17,428.4 3 0
github.com/amartin3659/HttpServerPractice/internal/handlers/handlers.go:429.3,430.9 2 1
